[0.014s] Invoking command in '/home/ros2_ws/build/moveit_config': CMAKE_PREFIX_PATH=/home/ros2_ws/install/robot_description:/opt/ros/humble PYTHONPATH=/home/ros2_ws/install/robot_description/lib/python3.10/site-packages:/home/ros2_ws/install/test_urdf_tool/lib/python3.10/site-packages:/opt/ros/humble/lib/python3.10/site-packages:/opt/ros/humble/local/lib/python3.10/dist-packages /usr/bin/cmake /home/ros2_ws/src/moveit_config -DCMAKE_INSTALL_PREFIX=/home/ros2_ws/install/moveit_config
[0.036s] -- Found ament_cmake: 1.3.10 (/opt/ros/humble/share/ament_cmake/cmake)
[0.412s] -- Configuring done
[0.417s] -- Generating done
[0.419s] -- Build files have been written to: /home/ros2_ws/build/moveit_config
[0.425s] Invoked command in '/home/ros2_ws/build/moveit_config' returned '0': CMAKE_PREFIX_PATH=/home/ros2_ws/install/robot_description:/opt/ros/humble PYTHONPATH=/home/ros2_ws/install/robot_description/lib/python3.10/site-packages:/home/ros2_ws/install/test_urdf_tool/lib/python3.10/site-packages:/opt/ros/humble/lib/python3.10/site-packages:/opt/ros/humble/local/lib/python3.10/dist-packages /usr/bin/cmake /home/ros2_ws/src/moveit_config -DCMAKE_INSTALL_PREFIX=/home/ros2_ws/install/moveit_config
[0.428s] Invoking command in '/home/ros2_ws/build/moveit_config': CMAKE_PREFIX_PATH=/home/ros2_ws/install/robot_description:/opt/ros/humble PYTHONPATH=/home/ros2_ws/install/robot_description/lib/python3.10/site-packages:/home/ros2_ws/install/test_urdf_tool/lib/python3.10/site-packages:/opt/ros/humble/lib/python3.10/site-packages:/opt/ros/humble/local/lib/python3.10/dist-packages /usr/bin/cmake --build /home/ros2_ws/build/moveit_config -- -j8 -l8
[0.489s] Invoked command in '/home/ros2_ws/build/moveit_config' returned '0': CMAKE_PREFIX_PATH=/home/ros2_ws/install/robot_description:/opt/ros/humble PYTHONPATH=/home/ros2_ws/install/robot_description/lib/python3.10/site-packages:/home/ros2_ws/install/test_urdf_tool/lib/python3.10/site-packages:/opt/ros/humble/lib/python3.10/site-packages:/opt/ros/humble/local/lib/python3.10/dist-packages /usr/bin/cmake --build /home/ros2_ws/build/moveit_config -- -j8 -l8
[0.532s] Invoking command in '/home/ros2_ws/build/moveit_config': CMAKE_PREFIX_PATH=/home/ros2_ws/install/robot_description:/opt/ros/humble PYTHONPATH=/home/ros2_ws/install/robot_description/lib/python3.10/site-packages:/home/ros2_ws/install/test_urdf_tool/lib/python3.10/site-packages:/opt/ros/humble/lib/python3.10/site-packages:/opt/ros/humble/local/lib/python3.10/dist-packages /usr/bin/cmake --install /home/ros2_ws/build/moveit_config
[0.542s] -- Install configuration: ""
[0.542s] -- Installing: /home/ros2_ws/install/moveit_config/share/ament_index/resource_index/package_run_dependencies/moveit_config
[0.542s] -- Installing: /home/ros2_ws/install/moveit_config/share/ament_index/resource_index/parent_prefix_path/moveit_config
[0.542s] -- Installing: /home/ros2_ws/install/moveit_config/share/moveit_config/environment/ament_prefix_path.sh
[0.542s] -- Installing: /home/ros2_ws/install/moveit_config/share/moveit_config/environment/ament_prefix_path.dsv
[0.543s] -- Installing: /home/ros2_ws/install/moveit_config/share/moveit_config/environment/path.sh
[0.543s] -- Installing: /home/ros2_ws/install/moveit_config/share/moveit_config/environment/path.dsv
[0.543s] -- Installing: /home/ros2_ws/install/moveit_config/share/moveit_config/local_setup.bash
[0.543s] -- Installing: /home/ros2_ws/install/moveit_config/share/moveit_config/local_setup.sh
[0.543s] -- Installing: /home/ros2_ws/install/moveit_config/share/moveit_config/local_setup.zsh
[0.543s] -- Installing: /home/ros2_ws/install/moveit_config/share/moveit_config/local_setup.dsv
[0.544s] -- Installing: /home/ros2_ws/install/moveit_config/share/moveit_config/package.dsv
[0.544s] -- Installing: /home/ros2_ws/install/moveit_config/share/ament_index/resource_index/packages/moveit_config
[0.544s] -- Installing: /home/ros2_ws/install/moveit_config/share/moveit_config/cmake/moveit_configConfig.cmake
[0.544s] -- Installing: /home/ros2_ws/install/moveit_config/share/moveit_config/cmake/moveit_configConfig-version.cmake
[0.544s] -- Installing: /home/ros2_ws/install/moveit_config/share/moveit_config/package.xml
[0.545s] -- Installing: /home/ros2_ws/install/moveit_config/share/moveit_config/launch
[0.545s] -- Installing: /home/ros2_ws/install/moveit_config/share/moveit_config/launch/moveit_rviz.launch.py
[0.545s] -- Installing: /home/ros2_ws/install/moveit_config/share/moveit_config/launch/static_virtual_joint_tfs.launch.py
[0.545s] -- Installing: /home/ros2_ws/install/moveit_config/share/moveit_config/launch/spawn_controllers.launch.py
[0.545s] -- Installing: /home/ros2_ws/install/moveit_config/share/moveit_config/launch/rsp.launch.py
[0.545s] -- Installing: /home/ros2_ws/install/moveit_config/share/moveit_config/launch/warehouse_db.launch.py
[0.546s] -- Installing: /home/ros2_ws/install/moveit_config/share/moveit_config/launch/demo.launch.py
[0.546s] -- Installing: /home/ros2_ws/install/moveit_config/share/moveit_config/launch/move_group.launch.py
[0.546s] -- Installing: /home/ros2_ws/install/moveit_config/share/moveit_config/config
[0.546s] -- Installing: /home/ros2_ws/install/moveit_config/share/moveit_config/config/joint_limits.yaml
[0.547s] -- Installing: /home/ros2_ws/install/moveit_config/share/moveit_config/config/ros2_controllers.yaml
[0.547s] -- Installing: /home/ros2_ws/install/moveit_config/share/moveit_config/config/robot_description.urdf.xacro
[0.547s] -- Installing: /home/ros2_ws/install/moveit_config/share/moveit_config/config/moveit.rviz
[0.547s] -- Installing: /home/ros2_ws/install/moveit_config/share/moveit_config/config/initial_positions.yaml
[0.548s] -- Installing: /home/ros2_ws/install/moveit_config/share/moveit_config/config/robot_description.srdf
[0.548s] -- Installing: /home/ros2_ws/install/moveit_config/share/moveit_config/config/pilz_cartesian_limits.yaml
[0.548s] -- Installing: /home/ros2_ws/install/moveit_config/share/moveit_config/config/moveit_controllers.yaml
[0.548s] -- Installing: /home/ros2_ws/install/moveit_config/share/moveit_config/config/robot_description.ros2_control.xacro
[0.548s] -- Installing: /home/ros2_ws/install/moveit_config/share/moveit_config/config/kinematics.yaml
[0.549s] -- Installing: /home/ros2_ws/install/moveit_config/share/moveit_config/.setup_assistant
[0.552s] Invoked command in '/home/ros2_ws/build/moveit_config' returned '0': CMAKE_PREFIX_PATH=/home/ros2_ws/install/robot_description:/opt/ros/humble PYTHONPATH=/home/ros2_ws/install/robot_description/lib/python3.10/site-packages:/home/ros2_ws/install/test_urdf_tool/lib/python3.10/site-packages:/opt/ros/humble/lib/python3.10/site-packages:/opt/ros/humble/local/lib/python3.10/dist-packages /usr/bin/cmake --install /home/ros2_ws/build/moveit_config
