[0.000000] (-) TimerEvent: {}
[0.000389] (-) JobUnselected: {'identifier': 'robot_description'}
[0.000828] (moveit_config) JobQueued: {'identifier': 'moveit_config', 'dependencies': OrderedDict()}
[0.000868] (moveit_config) JobStarted: {'identifier': 'moveit_config'}
[0.017506] (moveit_config) JobProgress: {'identifier': 'moveit_config', 'progress': 'cmake'}
[0.017914] (moveit_config) Command: {'cmd': ['/usr/bin/cmake', '/home/ros2_ws/src/moveit_config', '-DCMAKE_INSTALL_PREFIX=/home/ros2_ws/install/moveit_config'], 'cwd': '/home/ros2_ws/build/moveit_config', 'env': OrderedDict([('GZ_SIM_RESOURCE_PATH', '/home/ros2_ws/install/robot_description/share/robot_description'), ('HOSTNAME', 'math'), ('SHLVL', '1'), ('LD_LIBRARY_PATH', '/usr/lib/x86_64-linux-gnu/gazebo-11/plugins:/opt/ros/humble/opt/rviz_ogre_vendor/lib:/opt/ros/humble/lib/x86_64-linux-gnu:/opt/ros/humble/lib'), ('HOME', '/home/ros2_ws'), ('OLDPWD', '/home/ros2_ws/src'), ('ROS_PYTHON_VERSION', '3'), ('COLCON_PREFIX_PATH', '/home/ros2_ws/install'), ('ROS_DISTRO', 'humble'), ('_', '/usr/bin/colcon'), ('ROS_VERSION', '2'), ('TERM', 'xterm'), ('GAZEBO_MODEL_PATH', '/path/to/robot_description/meshes:'), ('ROS_LOCALHOST_ONLY', '0'), ('QT_X11_NO_MITSHM', '1'), ('PATH', '/opt/ros/humble/bin:/usr/local/sbin:/usr/local/bin:/usr/sbin:/usr/bin:/sbin:/bin'), ('XDG_RUNTIME_DIR', '/tmp/runtime-ros2_ws'), ('DISPLAY', ':0'), ('LANG', 'C.UTF-8'), ('AMENT_PREFIX_PATH', '/home/ros2_ws/install/robot_description:/opt/ros/humble'), ('PWD', '/home/ros2_ws/build/moveit_config'), ('LC_ALL', 'C.UTF-8'), ('GAZEBO_PLUGIN_PATH', '/usr/lib/x86_64-linux-gnu/gazebo-11/plugins:'), ('PYTHONPATH', '/home/ros2_ws/install/test_urdf_tool/lib/python3.10/site-packages:/home/ros2_ws/install/robot_description/lib/python3.10/site-packages:/opt/ros/humble/lib/python3.10/site-packages:/opt/ros/humble/local/lib/python3.10/dist-packages'), ('TZ', 'America/Sao_Paulo'), ('COLCON', '1')]), 'shell': False}
[0.099647] (-) TimerEvent: {}
[0.133604] (moveit_config) StdoutLine: {'line': b'-- The C compiler identification is GNU 11.4.0\n'}
[0.199765] (-) TimerEvent: {}
[0.262649] (moveit_config) StdoutLine: {'line': b'-- The CXX compiler identification is GNU 11.4.0\n'}
[0.276940] (moveit_config) StdoutLine: {'line': b'-- Detecting C compiler ABI info\n'}
[0.299916] (-) TimerEvent: {}
[0.392790] (moveit_config) StdoutLine: {'line': b'-- Detecting C compiler ABI info - done\n'}
[0.400022] (-) TimerEvent: {}
[0.409189] (moveit_config) StdoutLine: {'line': b'-- Check for working C compiler: /usr/bin/cc - skipped\n'}
[0.409522] (moveit_config) StdoutLine: {'line': b'-- Detecting C compile features\n'}
[0.410182] (moveit_config) StdoutLine: {'line': b'-- Detecting C compile features - done\n'}
[0.415966] (moveit_config) StdoutLine: {'line': b'-- Detecting CXX compiler ABI info\n'}
[0.500165] (-) TimerEvent: {}
[0.533624] (moveit_config) StdoutLine: {'line': b'-- Detecting CXX compiler ABI info - done\n'}
[0.548234] (moveit_config) StdoutLine: {'line': b'-- Check for working CXX compiler: /usr/bin/c++ - skipped\n'}
[0.548829] (moveit_config) StdoutLine: {'line': b'-- Detecting CXX compile features\n'}
[0.549811] (moveit_config) StdoutLine: {'line': b'-- Detecting CXX compile features - done\n'}
[0.556316] (moveit_config) StdoutLine: {'line': b'-- Found ament_cmake: 1.3.10 (/opt/ros/humble/share/ament_cmake/cmake)\n'}
[0.600314] (-) TimerEvent: {}
[0.700697] (-) TimerEvent: {}
[0.801006] (-) TimerEvent: {}
[0.818114] (moveit_config) StdoutLine: {'line': b'-- Found Python3: /usr/bin/python3 (found version "3.10.12") found components: Interpreter \n'}
[0.901168] (-) TimerEvent: {}
[1.001683] (-) TimerEvent: {}
[1.102083] (-) TimerEvent: {}
[1.130076] (moveit_config) StderrLine: {'line': b"Error parsing '/home/ros2_ws/src/moveit_config/package.xml':\n"}
[1.130332] (moveit_config) StderrLine: {'line': b'Traceback (most recent call last):\n'}
[1.130429] (moveit_config) StderrLine: {'line': b'  File "/opt/ros/humble/share/ament_cmake_core/cmake/core/package_xml_2_cmake.py", line 150, in <module>\n'}
[1.130510] (moveit_config) StderrLine: {'line': b'    main()\n'}
[1.130786] (moveit_config) StderrLine: {'line': b'  File "/opt/ros/humble/share/ament_cmake_core/cmake/core/package_xml_2_cmake.py", line 53, in main\n'}
[1.130883] (moveit_config) StderrLine: {'line': b'    raise e\n'}
[1.130989] (moveit_config) StderrLine: {'line': b'  File "/opt/ros/humble/share/ament_cmake_core/cmake/core/package_xml_2_cmake.py", line 49, in main\n'}
[1.131103] (moveit_config) StderrLine: {'line': b'    package = parse_package_string(\n'}
[1.131217] (moveit_config) StderrLine: {'line': b'  File "/usr/lib/python3/dist-packages/catkin_pkg/package.py", line 788, in parse_package_string\n'}
[1.131325] (moveit_config) StderrLine: {'line': b'    pkg.validate(warnings=warnings)\n'}
[1.131416] (moveit_config) StderrLine: {'line': b'  File "/usr/lib/python3/dist-packages/catkin_pkg/package.py", line 330, in validate\n'}
[1.131495] (moveit_config) StderrLine: {'line': b"    raise InvalidPackage('\\n'.join(errors), self.filename)\n"}
[1.131575] (moveit_config) StderrLine: {'line': b"catkin_pkg.package.InvalidPackage: Error(s) in package '/home/ros2_ws/src/moveit_config/package.xml':\n"}
[1.131652] (moveit_config) StderrLine: {'line': b'Invalid email "" for person ""\n'}
[1.141339] (moveit_config) StderrLine: {'line': b'\x1b[31mCMake Error at /opt/ros/humble/share/ament_cmake_core/cmake/core/ament_package_xml.cmake:95 (message):\n'}
[1.141642] (moveit_config) StderrLine: {'line': b'  execute_process(/usr/bin/python3\n'}
[1.141756] (moveit_config) StderrLine: {'line': b'  /opt/ros/humble/share/ament_cmake_core/cmake/core/package_xml_2_cmake.py\n'}
[1.141843] (moveit_config) StderrLine: {'line': b'  /home/ros2_ws/src/moveit_config/package.xml\n'}
[1.141930] (moveit_config) StderrLine: {'line': b'  /home/ros2_ws/build/moveit_config/ament_cmake_core/package.cmake) returned\n'}
[1.142000] (moveit_config) StderrLine: {'line': b'  error code 1\n'}
[1.142068] (moveit_config) StderrLine: {'line': b'Call Stack (most recent call first):\n'}
[1.142135] (moveit_config) StderrLine: {'line': b'  /opt/ros/humble/share/ament_cmake_core/cmake/core/ament_package_xml.cmake:49 (_ament_package_xml)\n'}
[1.142206] (moveit_config) StderrLine: {'line': b'  /opt/ros/humble/share/ament_cmake_core/cmake/core/ament_package.cmake:63 (ament_package_xml)\n'}
[1.142273] (moveit_config) StderrLine: {'line': b'  CMakeLists.txt:6 (ament_package)\n'}
[1.142337] (moveit_config) StderrLine: {'line': b'\n'}
[1.142404] (moveit_config) StderrLine: {'line': b'\x1b[0m\n'}
[1.142469] (moveit_config) StdoutLine: {'line': b'-- Configuring incomplete, errors occurred!\n'}
[1.142543] (moveit_config) StdoutLine: {'line': b'See also "/home/ros2_ws/build/moveit_config/CMakeFiles/CMakeOutput.log".\n'}
[1.147053] (moveit_config) CommandEnded: {'returncode': 1}
[1.147732] (moveit_config) JobEnded: {'identifier': 'moveit_config', 'rc': 1}
[1.158212] (-) EventReactorShutdown: {}
