(2024-12-14T23:20:55.681700655) (2024-12-14T23:20:55.681714767) [Msg] Ignition Gazebo Server v6.16.0
(2024-12-14T23:20:55.687692021) (2024-12-14T23:20:55.687728452) [Msg] Loading SDF world file[/home/ros2_ws/install/robot_description/share/robot_description/worlds/world.sdf].
(2024-12-14T23:20:55.894807819) (2024-12-14T23:20:55.894851175) [Msg] Serving entity system service on [/entity/system/add]
(2024-12-14T23:20:55.896100169) (2024-12-14T23:20:55.896127371) [Msg] Loaded level [3]
(2024-12-14T23:20:55.896217184) (2024-12-14T23:20:55.896234620) [Msg] No systems loaded from SDF, loading defaults
(2024-12-14T23:20:55.896716722) (2024-12-14T23:20:55.896737221) [Dbg] [ServerConfig.cc:1043] Loaded (3) plugins from file [/home/ros2_ws/.ignition/gazebo/6/server.config]
(2024-12-14T23:20:55.978519247) (2024-12-14T23:20:55.978542093) [Dbg] [Physics.cc:804] Loaded [ignition::physics::dartsim::Plugin] from library [/usr/lib/x86_64-linux-gnu/ign-physics-5/engine-plugins/libignition-physics-dartsim-plugin.so]
(2024-12-14T23:20:55.978682585) (2024-12-14T23:20:55.978695554) [Dbg] [SystemManager.cc:70] Loaded system [gz::sim::systems::Physics] for entity [1]
(2024-12-14T23:20:55.983181395) (2024-12-14T23:20:55.983203476) [Msg] Create service on [/world/default/create]
(2024-12-14T23:20:55.983486590) (2024-12-14T23:20:55.983500953) [Msg] Remove service on [/world/default/remove]
(2024-12-14T23:20:55.983713019) (2024-12-14T23:20:55.983726917) [Msg] Pose service on [/world/default/set_pose]
(2024-12-14T23:20:55.983874769) (2024-12-14T23:20:55.983887789) [Msg] Pose service on [/world/default/set_pose_vector]
(2024-12-14T23:20:55.984157295) (2024-12-14T23:20:55.984171270) [Msg] Light configuration service on [/world/default/light_config]
(2024-12-14T23:20:55.984527920) (2024-12-14T23:20:55.984549130) [Msg] Physics service on [/world/default/set_physics]
(2024-12-14T23:20:55.984759113) (2024-12-14T23:20:55.984772870) [Msg] SphericalCoordinates service on [/world/default/set_spherical_coordinates]
(2024-12-14T23:20:55.984899385) (2024-12-14T23:20:55.984925083) [Msg] Enable collision service on [/world/default/enable_collision]
(2024-12-14T23:20:55.985035550) (2024-12-14T23:20:55.985048274) [Msg] Disable collision service on [/world/default/disable_collision]
(2024-12-14T23:20:55.985383923) (2024-12-14T23:20:55.985398548) [Msg] Material service on [/world/default/visual_config]
(2024-12-14T23:20:55.985627525) (2024-12-14T23:20:55.985641299) [Msg] Material service on [/world/default/wheel_slip]
(2024-12-14T23:20:55.985725721) (2024-12-14T23:20:55.985737935) [Dbg] [SystemManager.cc:70] Loaded system [gz::sim::systems::UserCommands] for entity [1]
(2024-12-14T23:20:55.988879681) (2024-12-14T23:20:55.988898762) [Dbg] [SystemManager.cc:70] Loaded system [gz::sim::systems::SceneBroadcaster] for entity [1]
(2024-12-14T23:20:55.989462099) (2024-12-14T23:20:55.989481709) [Msg] Serving world controls on [/world/default/control], [/world/default/control/state] and [/world/default/playback/control]
(2024-12-14T23:20:55.989747237) (2024-12-14T23:20:55.989761593) [Msg] Serving GUI information on [/world/default/gui/info]
(2024-12-14T23:20:55.989821228) (2024-12-14T23:20:55.989833077) [Msg] World [default] initialized with [default_physics] physics profile.
(2024-12-14T23:20:55.990085366) (2024-12-14T23:20:55.990099013) [Msg] Serving world SDF generation service on [/world/default/generate_world_sdf]
(2024-12-14T23:20:55.990274379) (2024-12-14T23:20:55.990287819) [Msg] Serving world names on [/gazebo/worlds]
(2024-12-14T23:20:55.990412153) (2024-12-14T23:20:55.990425081) [Msg] Resource path add service on [/gazebo/resource_paths/add].
(2024-12-14T23:20:55.990564688) (2024-12-14T23:20:55.990578014) [Msg] Resource path get service on [/gazebo/resource_paths/get].
(2024-12-14T23:20:55.990702051) (2024-12-14T23:20:55.990715042) [Msg] Resource path resolve service on [/gazebo/resource_paths/resolve].
(2024-12-14T23:20:55.990846383) (2024-12-14T23:20:55.990867172) [Msg] Resource paths published on [/gazebo/resource_paths].
(2024-12-14T23:20:55.991078232) (2024-12-14T23:20:55.991097685) [Msg] Server control service on [/server_control].
(2024-12-14T23:20:57.580360965) (2024-12-14T23:20:57.580382659) [Msg] Found no publishers on /stats, adding root stats topic
(2024-12-14T23:20:57.580756007) (2024-12-14T23:20:57.580772801) [Msg] Found no publishers on /clock, adding root clock topic
(2024-12-14T23:20:57.581063392) (2024-12-14T23:20:57.581079067) [Dbg] [SimulationRunner.cc:496] Creating PostUpdate worker threads: 2
(2024-12-14T23:20:57.581134137) (2024-12-14T23:20:57.581147355) [Dbg] [SimulationRunner.cc:507] Creating postupdate worker thread (0)
(2024-12-14T23:20:57.688218144) (2024-12-14T23:20:57.688246790) [Dbg] [UserCommands.cc:1303] Created entity [4] named [robot]
(2024-12-14T23:20:57.700465880) (2024-12-14T23:20:57.700498270) [Err] [SystemPaths.cc:378] Unable to find file with URI [model://robot_description/meshes/visual/base_link.STL]
(2024-12-14T23:20:57.700651803) (2024-12-14T23:20:57.700674576) [Err] [SystemPaths.cc:473] Could not resolve file [model://robot_description/meshes/visual/base_link.STL]
(2024-12-14T23:20:57.700773777) (2024-12-14T23:20:57.700796315) [Err] [MeshManager.cc:173] Unable to find file[model://robot_description/meshes/visual/base_link.STL]
(2024-12-14T23:20:57.700878996) (2024-12-14T23:20:57.700901470) [Wrn] [Physics.cc:1235] Failed to load mesh from [model://robot_description/meshes/visual/base_link.STL].
(2024-12-14T23:20:57.701205228) (2024-12-14T23:20:57.701228536) [Err] [SystemPaths.cc:378] Unable to find file with URI [model://robot_description/meshes/visual/plat_link.STL]
(2024-12-14T23:20:57.701328569) (2024-12-14T23:20:57.701350880) [Err] [SystemPaths.cc:473] Could not resolve file [model://robot_description/meshes/visual/plat_link.STL]
(2024-12-14T23:20:57.701445528) (2024-12-14T23:20:57.701467344) [Err] [MeshManager.cc:173] Unable to find file[model://robot_description/meshes/visual/plat_link.STL]
(2024-12-14T23:20:57.701544235) (2024-12-14T23:20:57.701566389) [Wrn] [Physics.cc:1235] Failed to load mesh from [model://robot_description/meshes/visual/plat_link.STL].
(2024-12-14T23:20:57.701804665) (2024-12-14T23:20:57.701827130) [Err] [SystemPaths.cc:378] Unable to find file with URI [model://robot_description/meshes/visual/manip_link.STL]
(2024-12-14T23:20:57.701934258) (2024-12-14T23:20:57.701956879) [Err] [SystemPaths.cc:473] Could not resolve file [model://robot_description/meshes/visual/manip_link.STL]
(2024-12-14T23:20:57.702051573) (2024-12-14T23:20:57.702073699) [Err] [MeshManager.cc:173] Unable to find file[model://robot_description/meshes/visual/manip_link.STL]
(2024-12-14T23:20:57.702145873) (2024-12-14T23:20:57.702167782) [Wrn] [Physics.cc:1235] Failed to load mesh from [model://robot_description/meshes/visual/manip_link.STL].
(2024-12-14T23:20:57.702413168) (2024-12-14T23:20:57.702436326) [Err] [SystemPaths.cc:378] Unable to find file with URI [model://robot_description/meshes/visual/end_effector.STL]
(2024-12-14T23:20:57.702537650) (2024-12-14T23:20:57.702560752) [Err] [SystemPaths.cc:473] Could not resolve file [model://robot_description/meshes/visual/end_effector.STL]
(2024-12-14T23:20:57.702654228) (2024-12-14T23:20:57.702676624) [Err] [MeshManager.cc:173] Unable to find file[model://robot_description/meshes/visual/end_effector.STL]
(2024-12-14T23:20:57.702754996) (2024-12-14T23:20:57.702776304) [Wrn] [Physics.cc:1235] Failed to load mesh from [model://robot_description/meshes/visual/end_effector.STL].
(2024-12-14T23:20:57.706566455) (2024-12-14T23:20:57.706596498) [Msg] Serving scene information on [/world/default/scene/info]
(2024-12-14T23:20:57.706858041) (2024-12-14T23:20:57.706882381) [Msg] Serving graph information on [/world/default/scene/graph]
(2024-12-14T23:20:57.707308929) (2024-12-14T23:20:57.707334707) [Msg] Serving full state on [/world/default/state]
(2024-12-14T23:20:57.707553886) (2024-12-14T23:20:57.707579321) [Msg] Serving full state (async) on [/world/default/state_async]
(2024-12-14T23:20:57.707942207) (2024-12-14T23:20:57.707966960) [Msg] Publishing scene information on [/world/default/scene/info]
(2024-12-14T23:20:57.708229044) (2024-12-14T23:20:57.708272976) [Msg] Publishing entity deletions on [/world/default/scene/deletion]
(2024-12-14T23:20:57.708451259) (2024-12-14T23:20:57.708477367) [Msg] Publishing state changes on [/world/default/state]
(2024-12-14T23:20:57.708813461) (2024-12-14T23:20:57.708838206) [Msg] Publishing pose messages on [/world/default/pose/info]
(2024-12-14T23:20:57.709257955) (2024-12-14T23:20:57.709285923) [Msg] Publishing dynamic pose messages on [/world/default/dynamic_pose/info]
(2024-12-14T23:20:57.710089917) (2024-12-14T23:20:57.710118670) [Dbg] [EntityComponentManager.cc:1623] Updated state thread iterators: 8 threads processing around 3 entities each.
(2024-12-14T23:20:57.710924862) (2024-12-14T23:20:57.710952651) [Wrn] [Component.hh:144] Trying to serialize component with data type [N3sdf3v125WorldE], which doesn't have `operator<<`. Component will not be serialized.
(2024-12-14T23:20:59.997582592) (2024-12-14T23:20:59.997613499) [Dbg] [SignalHandler.cc:141] Received signal[2].
(2024-12-14T23:20:59.997697077) (2024-12-14T23:20:59.997715849) [Dbg] [ServerPrivate.cc:110] Server received signal[2]
(2024-12-14T23:20:59.997919516) (2024-12-14T23:20:59.997938515) [Dbg] [gz.cc:410] Shutting down ign-gazebo-server
(2024-12-14T23:21:00.2516548) (2024-12-14T23:21:00.2548723) [Dbg] [SimulationRunner.cc:523] Exiting postupdate worker thread (0)
