1734232368.5061893 [INFO] [launch]: All log files can be found below /home/ros2_ws/.ros/log/2024-12-15-00-12-48-504788-math-12178
1734232368.5064383 [INFO] [launch]: Default logging verbosity is set to INFO
1734232370.2886107 [INFO] [robot_state_publisher-1]: process started with pid [12179]
1734232370.2891531 [INFO] [move_group-2]: process started with pid [12181]
1734232370.2894206 [INFO] [rviz2-3]: process started with pid [12183]
1734232370.2896492 [INFO] [ros2_control_node-4]: process started with pid [12185]
1734232370.2898588 [INFO] [spawner-5]: process started with pid [12187]
1734232370.2900591 [INFO] [spawner-6]: process started with pid [12189]
1734232370.4082503 [ros2_control_node-4] [WARN] [1734232370.407469906] [controller_manager]: [Deprecated] Passing the robot description parameter directly to the control_manager node is deprecated. Use '~/robot_description' topic from 'robot_state_publisher' instead.
1734232370.4143109 [ros2_control_node-4] [INFO] [1734232370.408283671] [resource_manager]: Loading hardware 'FakeSystem' 
1734232370.4260318 [ros2_control_node-4] [INFO] [1734232370.425350622] [resource_manager]: Initialize hardware 'FakeSystem' 
1734232370.4306743 [ros2_control_node-4] [WARN] [1734232370.425535563] [mock_generic_system]: Parsing of optional initial interface values failed or uses a deprecated format. Add initial values for every state interface in the ros2_control.xacro. For example: 
1734232370.4336104 [ros2_control_node-4] <state_interface name="velocity"> 
1734232370.4340219 [ros2_control_node-4]   <param name="initial_value">0.0</param> 
1734232370.4342101 [ros2_control_node-4] </state_interface>
1734232370.4343376 [ros2_control_node-4] [INFO] [1734232370.425579226] [resource_manager]: Successful initialization of hardware 'FakeSystem'
1734232370.4349856 [ros2_control_node-4] [INFO] [1734232370.425710997] [resource_manager]: 'configure' hardware 'FakeSystem' 
1734232370.4359653 [ros2_control_node-4] [INFO] [1734232370.425739818] [resource_manager]: Successful 'configure' of hardware 'FakeSystem'
1734232370.4367833 [ros2_control_node-4] [INFO] [1734232370.425762572] [resource_manager]: 'activate' hardware 'FakeSystem' 
1734232370.4376793 [ros2_control_node-4] [INFO] [1734232370.425782872] [resource_manager]: Successful 'activate' of hardware 'FakeSystem'
1734232370.4850290 [ros2_control_node-4] [WARN] [1734232370.484179897] [controller_manager]: Unable to lock the memory : 'No proper privileges to lock the memory!'
1734232370.4878049 [ros2_control_node-4] [INFO] [1734232370.486506440] [controller_manager]: update rate is 100 Hz
1734232370.4882960 [ros2_control_node-4] [INFO] [1734232370.486577079] [controller_manager]: Spawning controller_manager RT thread with scheduler priority: 50
1734232370.4894764 [ros2_control_node-4] [WARN] [1734232370.488446932] [controller_manager]: No real-time kernel detected on this system. See [https://control.ros.org/master/doc/ros2_control/controller_manager/doc/userdoc.html] for details on how to enable realtime scheduling.
1734232371.5583508 [rviz2-3] [INFO] [1734232371.557586781] [rviz2]: Stereo is NOT SUPPORTED
1734232371.5596249 [rviz2-3] [INFO] [1734232371.557893060] [rviz2]: OpenGl version: 4.6 (GLSL 4.6)
1734232371.6533525 [rviz2-3] [INFO] [1734232371.649175599] [rviz2]: Stereo is NOT SUPPORTED
1734232371.9564016 [rviz2-3] Warning: class_loader.impl: SEVERE WARNING!!! A namespace collision has occurred with plugin factory for class rviz_default_plugins::displays::InteractiveMarkerDisplay. New factory will OVERWRITE existing one. This situation occurs when libraries containing plugins are directly linked against an executable (the one running right now generating this message). Please separate plugins out into their own library or just don't link against the library and use either class_loader::ClassLoader/MultiLibraryClassLoader to open.
1734232371.9567244 [rviz2-3]          at line 253 in /opt/ros/humble/include/class_loader/class_loader/class_loader_core.hpp
1734232372.1076024 [ERROR] [move_group-2]: process has died [pid 12181, exit code -6, cmd '/opt/ros/humble/lib/moveit_ros_move_group/move_group --ros-args --params-file /tmp/launch_params_fb7mpjpq --params-file /tmp/launch_params_fq6fam7s'].
1734232372.2460024 [ros2_control_node-4] [INFO] [1734232372.245101869] [controller_manager]: Loading controller 'arm_controller'
1734232372.2870493 [ros2_control_node-4] [WARN] [1734232372.286283301] [arm_controller]: [Deprecated]: "allow_nonzero_velocity_at_trajectory_end" is set to true. The default behavior will change to false.
1734232372.2898183 [ros2_control_node-4] [INFO] [1734232372.289231132] [controller_manager]: Loading controller 'joint_state_broadcaster'
1734232372.3618634 [ros2_control_node-4] [INFO] [1734232372.361266996] [controller_manager]: Configuring controller 'arm_controller'
1734232372.3630323 [ros2_control_node-4] [INFO] [1734232372.361745676] [arm_controller]: No specific joint names are used for command interfaces. Using 'joints' parameter.
1734232372.3633099 [ros2_control_node-4] [INFO] [1734232372.361816951] [arm_controller]: Command interfaces are [position] and state interfaces are [position velocity].
1734232372.3635063 [ros2_control_node-4] [INFO] [1734232372.361906106] [arm_controller]: Using 'splines' interpolation method.
1734232372.3667963 [ros2_control_node-4] [INFO] [1734232372.366269287] [arm_controller]: Controller state will be published at 50.00 Hz.
1734232372.3758082 [ros2_control_node-4] [INFO] [1734232372.375271339] [arm_controller]: Action status changes will be monitored at 20.00 Hz.
1734232372.3904047 [ros2_control_node-4] [INFO] [1734232372.389864904] [controller_manager]: Configuring controller 'joint_state_broadcaster'
1734232372.3913949 [ros2_control_node-4] [INFO] [1734232372.390022634] [joint_state_broadcaster]: 'joints' or 'interfaces' parameter is empty. All available state interfaces will be published
1734232372.6130903 [INFO] [spawner-5]: process has finished cleanly [pid 12187]
1734232372.6360679 [INFO] [spawner-6]: process has finished cleanly [pid 12189]
1734232374.9983294 [rviz2-3] [ERROR] [1734232374.998074429] [moveit_ros_visualization.motion_planning_frame]: Action server: /recognize_objects not available
1734232375.0357432 [rviz2-3] [INFO] [1734232375.035484403] [moveit_ros_visualization.motion_planning_frame]: MoveGroup namespace changed: / -> . Reloading params.
1734232385.3175855 [rviz2-3] [ERROR] [1734232385.317294560] [rviz]: Could not find parameter robot_description_semantic and did not receive robot_description_semantic via std_msgs::msg::String subscription within 10.000000 seconds.
1734232385.3636401 [rviz2-3] Error:   Could not parse the SRDF XML File. Error=XML_ERROR_EMPTY_DOCUMENT ErrorID=13 (0xd) Line number=0
1734232385.3639152 [rviz2-3]          at line 732 in ./src/model.cpp
1734232385.3640714 [rviz2-3] [ERROR] [1734232385.363279217] [moveit_rdf_loader.rdf_loader]: Unable to parse SRDF
1734232385.4161477 [rviz2-3] [ERROR] [1734232385.415675247] [moveit_ros.planning_scene_monitor.planning_scene_monitor]: Robot model not loaded
1734232437.7275898 [rviz2-3] [INFO] [1734232437.727258213] [interactive_marker_display_94171954500368]: Target frame is now base_link
1734232448.7566352 [ERROR] [rviz2-3]: process has died [pid 12183, exit code -11, cmd '/opt/ros/humble/lib/rviz2/rviz2 -d /home/ros2_ws/install/moveit_config/share/moveit_config/config/moveit.rviz --ros-args --params-file /tmp/launch_params_wwkkmisv --params-file /tmp/launch_params__cax7ld4'].
1734232449.0029633 [WARNING] [launch]: user interrupted with ctrl-c (SIGINT)
1734232449.0049076 [ros2_control_node-4] [INFO] [1734232449.002722205] [rclcpp]: signal_handler(signum=2)
1734232449.1102605 [INFO] [robot_state_publisher-1]: process has finished cleanly [pid 12179]
1734232449.1270287 [INFO] [ros2_control_node-4]: process has finished cleanly [pid 12185]
