[0.008s] Invoking command in '/home/ros2_ws/src/build/moveit_config': AMENT_PREFIX_PATH=/home/ros2_ws/src/install/robot_description:${AMENT_PREFIX_PATH} CMAKE_PREFIX_PATH=${CMAKE_PREFIX_PATH}:/home/ros2_ws/install/robot_description:/opt/ros/humble PYTHONPATH=/home/ros2_ws/src/install/robot_description/lib/python3.10/site-packages:${PYTHONPATH} /usr/bin/cmake /home/ros2_ws/src/moveit_config -DCMAKE_INSTALL_PREFIX=/home/ros2_ws/src/install/moveit_config
[0.078s] -- The C compiler identification is GNU 11.4.0
[0.132s] -- The CXX compiler identification is GNU 11.4.0
[0.138s] -- Detecting C compiler ABI info
[0.200s] -- Detecting C compiler ABI info - done
[0.207s] -- Check for working C compiler: /usr/bin/cc - skipped
[0.207s] -- Detecting C compile features
[0.207s] -- Detecting C compile features - done
[0.210s] -- Detecting CXX compiler ABI info
[0.285s] -- Detecting CXX compiler ABI info - done
[0.293s] -- Check for working CXX compiler: /usr/bin/c++ - skipped
[0.293s] -- Detecting CXX compile features
[0.294s] -- Detecting CXX compile features - done
[0.298s] -- Found ament_cmake: 1.3.10 (/opt/ros/humble/share/ament_cmake/cmake)
[0.443s] -- Found Python3: /usr/bin/python3 (found version "3.10.12") found components: Interpreter 
[0.606s] -- Configuring done
[0.609s] -- Generating done
[0.610s] -- Build files have been written to: /home/ros2_ws/src/build/moveit_config
[0.614s] Invoked command in '/home/ros2_ws/src/build/moveit_config' returned '0': AMENT_PREFIX_PATH=/home/ros2_ws/src/install/robot_description:${AMENT_PREFIX_PATH} CMAKE_PREFIX_PATH=${CMAKE_PREFIX_PATH}:/home/ros2_ws/install/robot_description:/opt/ros/humble PYTHONPATH=/home/ros2_ws/src/install/robot_description/lib/python3.10/site-packages:${PYTHONPATH} /usr/bin/cmake /home/ros2_ws/src/moveit_config -DCMAKE_INSTALL_PREFIX=/home/ros2_ws/src/install/moveit_config
[0.616s] Invoking command in '/home/ros2_ws/src/build/moveit_config': AMENT_PREFIX_PATH=/home/ros2_ws/src/install/robot_description:${AMENT_PREFIX_PATH} CMAKE_PREFIX_PATH=${CMAKE_PREFIX_PATH}:/home/ros2_ws/install/robot_description:/opt/ros/humble PYTHONPATH=/home/ros2_ws/src/install/robot_description/lib/python3.10/site-packages:${PYTHONPATH} /usr/bin/cmake --build /home/ros2_ws/src/build/moveit_config -- -j8 -l8
[0.649s] Invoked command in '/home/ros2_ws/src/build/moveit_config' returned '0': AMENT_PREFIX_PATH=/home/ros2_ws/src/install/robot_description:${AMENT_PREFIX_PATH} CMAKE_PREFIX_PATH=${CMAKE_PREFIX_PATH}:/home/ros2_ws/install/robot_description:/opt/ros/humble PYTHONPATH=/home/ros2_ws/src/install/robot_description/lib/python3.10/site-packages:${PYTHONPATH} /usr/bin/cmake --build /home/ros2_ws/src/build/moveit_config -- -j8 -l8
[0.677s] Invoking command in '/home/ros2_ws/src/build/moveit_config': AMENT_PREFIX_PATH=/home/ros2_ws/src/install/robot_description:${AMENT_PREFIX_PATH} CMAKE_PREFIX_PATH=${CMAKE_PREFIX_PATH}:/home/ros2_ws/install/robot_description:/opt/ros/humble PYTHONPATH=/home/ros2_ws/src/install/robot_description/lib/python3.10/site-packages:${PYTHONPATH} /usr/bin/cmake --install /home/ros2_ws/src/build/moveit_config
[0.683s] -- Install configuration: ""
[0.684s] -- Installing: /home/ros2_ws/src/install/moveit_config/share/ament_index/resource_index/package_run_dependencies/moveit_config
[0.684s] -- Installing: /home/ros2_ws/src/install/moveit_config/share/ament_index/resource_index/parent_prefix_path/moveit_config
[0.684s] -- Installing: /home/ros2_ws/src/install/moveit_config/share/moveit_config/environment/ament_prefix_path.sh
[0.684s] -- Installing: /home/ros2_ws/src/install/moveit_config/share/moveit_config/environment/ament_prefix_path.dsv
[0.685s] -- Installing: /home/ros2_ws/src/install/moveit_config/share/moveit_config/environment/path.sh
[0.685s] -- Installing: /home/ros2_ws/src/install/moveit_config/share/moveit_config/environment/path.dsv
[0.685s] -- Installing: /home/ros2_ws/src/install/moveit_config/share/moveit_config/local_setup.bash
[0.685s] -- Installing: /home/ros2_ws/src/install/moveit_config/share/moveit_config/local_setup.sh
[0.685s] -- Installing: /home/ros2_ws/src/install/moveit_config/share/moveit_config/local_setup.zsh
[0.685s] -- Installing: /home/ros2_ws/src/install/moveit_config/share/moveit_config/local_setup.dsv
[0.685s] -- Installing: /home/ros2_ws/src/install/moveit_config/share/moveit_config/package.dsv
[0.686s] -- Installing: /home/ros2_ws/src/install/moveit_config/share/ament_index/resource_index/packages/moveit_config
[0.686s] -- Installing: /home/ros2_ws/src/install/moveit_config/share/moveit_config/cmake/moveit_configConfig.cmake
[0.686s] -- Installing: /home/ros2_ws/src/install/moveit_config/share/moveit_config/cmake/moveit_configConfig-version.cmake
[0.686s] -- Installing: /home/ros2_ws/src/install/moveit_config/share/moveit_config/package.xml
[0.686s] -- Installing: /home/ros2_ws/src/install/moveit_config/share/moveit_config/launch
[0.686s] -- Installing: /home/ros2_ws/src/install/moveit_config/share/moveit_config/launch/spawn_controllers.launch.py
[0.687s] -- Installing: /home/ros2_ws/src/install/moveit_config/share/moveit_config/launch/warehouse_db.launch.py
[0.687s] -- Installing: /home/ros2_ws/src/install/moveit_config/share/moveit_config/launch/moveit_rviz.launch.py
[0.687s] -- Installing: /home/ros2_ws/src/install/moveit_config/share/moveit_config/launch/static_virtual_joint_tfs.launch.py
[0.687s] -- Installing: /home/ros2_ws/src/install/moveit_config/share/moveit_config/launch/rsp.launch.py
[0.688s] -- Installing: /home/ros2_ws/src/install/moveit_config/share/moveit_config/launch/move_group.launch.py
[0.688s] -- Installing: /home/ros2_ws/src/install/moveit_config/share/moveit_config/launch/demo.launch.py
[0.688s] -- Installing: /home/ros2_ws/src/install/moveit_config/share/moveit_config/config
[0.688s] -- Installing: /home/ros2_ws/src/install/moveit_config/share/moveit_config/config/robot_description.urdf.xacro
[0.688s] -- Installing: /home/ros2_ws/src/install/moveit_config/share/moveit_config/config/robot_description.srdf
[0.688s] -- Installing: /home/ros2_ws/src/install/moveit_config/share/moveit_config/config/moveit.rviz
[0.689s] -- Installing: /home/ros2_ws/src/install/moveit_config/share/moveit_config/config/kinematics.yaml
[0.689s] -- Installing: /home/ros2_ws/src/install/moveit_config/share/moveit_config/config/ros2_controllers.yaml
[0.689s] -- Installing: /home/ros2_ws/src/install/moveit_config/share/moveit_config/config/initial_positions.yaml
[0.689s] -- Installing: /home/ros2_ws/src/install/moveit_config/share/moveit_config/config/robot_description.ros2_control.xacro
[0.689s] -- Installing: /home/ros2_ws/src/install/moveit_config/share/moveit_config/config/pilz_cartesian_limits.yaml
[0.689s] -- Installing: /home/ros2_ws/src/install/moveit_config/share/moveit_config/config/joint_limits.yaml
[0.689s] -- Installing: /home/ros2_ws/src/install/moveit_config/share/moveit_config/config/moveit_controllers.yaml
[0.690s] -- Installing: /home/ros2_ws/src/install/moveit_config/share/moveit_config/.setup_assistant
[0.692s] Invoked command in '/home/ros2_ws/src/build/moveit_config' returned '0': AMENT_PREFIX_PATH=/home/ros2_ws/src/install/robot_description:${AMENT_PREFIX_PATH} CMAKE_PREFIX_PATH=${CMAKE_PREFIX_PATH}:/home/ros2_ws/install/robot_description:/opt/ros/humble PYTHONPATH=/home/ros2_ws/src/install/robot_description/lib/python3.10/site-packages:${PYTHONPATH} /usr/bin/cmake --install /home/ros2_ws/src/build/moveit_config
