1734232452.4552946 [INFO] [launch]: All log files can be found below /home/ros2_ws/.ros/log/2024-12-15-00-14-12-438468-math-12289
1734232452.4555626 [INFO] [launch]: Default logging verbosity is set to INFO
1734232454.4072847 [INFO] [robot_state_publisher-1]: process started with pid [12290]
1734232454.4081519 [INFO] [move_group-2]: process started with pid [12292]
1734232454.4084179 [INFO] [rviz2-3]: process started with pid [12294]
1734232454.4086111 [INFO] [ros2_control_node-4]: process started with pid [12296]
1734232454.4088054 [INFO] [spawner-5]: process started with pid [12298]
1734232454.4090271 [INFO] [spawner-6]: process started with pid [12300]
1734232454.4728725 [ros2_control_node-4] [WARN] [1734232454.468791362] [controller_manager]: [Deprecated] Passing the robot description parameter directly to the control_manager node is deprecated. Use '~/robot_description' topic from 'robot_state_publisher' instead.
1734232454.4750104 [ros2_control_node-4] [INFO] [1734232454.469279603] [resource_manager]: Loading hardware 'FakeSystem' 
1734232454.4759469 [ros2_control_node-4] [INFO] [1734232454.470414638] [resource_manager]: Initialize hardware 'FakeSystem' 
1734232454.4762144 [ros2_control_node-4] [WARN] [1734232454.470524335] [mock_generic_system]: Parsing of optional initial interface values failed or uses a deprecated format. Add initial values for every state interface in the ros2_control.xacro. For example: 
1734232454.4767694 [ros2_control_node-4] <state_interface name="velocity"> 
1734232454.4769983 [ros2_control_node-4]   <param name="initial_value">0.0</param> 
1734232454.4771605 [ros2_control_node-4] </state_interface>
1734232454.4773302 [ros2_control_node-4] [INFO] [1734232454.470555742] [resource_manager]: Successful initialization of hardware 'FakeSystem'
1734232454.4774871 [ros2_control_node-4] [INFO] [1734232454.470673593] [resource_manager]: 'configure' hardware 'FakeSystem' 
1734232454.4776437 [ros2_control_node-4] [INFO] [1734232454.470697202] [resource_manager]: Successful 'configure' of hardware 'FakeSystem'
1734232454.4777963 [ros2_control_node-4] [INFO] [1734232454.470711923] [resource_manager]: 'activate' hardware 'FakeSystem' 
1734232454.4780746 [ros2_control_node-4] [INFO] [1734232454.470726043] [resource_manager]: Successful 'activate' of hardware 'FakeSystem'
1734232454.4822738 [ros2_control_node-4] [WARN] [1734232454.481834294] [controller_manager]: Unable to lock the memory : 'No proper privileges to lock the memory!'
1734232454.4830234 [ros2_control_node-4] [INFO] [1734232454.481893892] [controller_manager]: update rate is 100 Hz
1734232454.4832771 [ros2_control_node-4] [INFO] [1734232454.481914253] [controller_manager]: Spawning controller_manager RT thread with scheduler priority: 50
1734232454.4841545 [ros2_control_node-4] [WARN] [1734232454.482216214] [controller_manager]: No real-time kernel detected on this system. See [https://control.ros.org/master/doc/ros2_control/controller_manager/doc/userdoc.html] for details on how to enable realtime scheduling.
1734232455.2446983 [rviz2-3] [INFO] [1734232455.243733482] [rviz2]: Stereo is NOT SUPPORTED
1734232455.2471030 [rviz2-3] [INFO] [1734232455.243971504] [rviz2]: OpenGl version: 4.6 (GLSL 4.6)
1734232455.3464949 [rviz2-3] [INFO] [1734232455.345569288] [rviz2]: Stereo is NOT SUPPORTED
1734232455.7646759 [rviz2-3] Warning: class_loader.impl: SEVERE WARNING!!! A namespace collision has occurred with plugin factory for class rviz_default_plugins::displays::InteractiveMarkerDisplay. New factory will OVERWRITE existing one. This situation occurs when libraries containing plugins are directly linked against an executable (the one running right now generating this message). Please separate plugins out into their own library or just don't link against the library and use either class_loader::ClassLoader/MultiLibraryClassLoader to open.
1734232455.7654305 [rviz2-3]          at line 253 in /opt/ros/humble/include/class_loader/class_loader/class_loader_core.hpp
1734232455.9711883 [ERROR] [move_group-2]: process has died [pid 12292, exit code -6, cmd '/opt/ros/humble/lib/moveit_ros_move_group/move_group --ros-args --params-file /tmp/launch_params_eq3ewvx3 --params-file /tmp/launch_params_eu4ifp4j'].
1734232456.0548337 [ros2_control_node-4] [INFO] [1734232456.054403386] [controller_manager]: Loading controller 'joint_state_broadcaster'
1734232456.1138699 [ros2_control_node-4] [INFO] [1734232456.113386847] [controller_manager]: Configuring controller 'joint_state_broadcaster'
1734232456.1145868 [ros2_control_node-4] [INFO] [1734232456.113611707] [joint_state_broadcaster]: 'joints' or 'interfaces' parameter is empty. All available state interfaces will be published
1734232456.3180928 [INFO] [spawner-6]: process has finished cleanly [pid 12300]
1734232458.1184120 [ros2_control_node-4] [INFO] [1734232458.118099780] [controller_manager]: Loading controller 'arm_controller'
1734232458.1491523 [ros2_control_node-4] [WARN] [1734232458.148821361] [arm_controller]: [Deprecated]: "allow_nonzero_velocity_at_trajectory_end" is set to true. The default behavior will change to false.
1734232458.1563993 [ros2_control_node-4] [INFO] [1734232458.156118410] [controller_manager]: Configuring controller 'arm_controller'
1734232458.1568961 [ros2_control_node-4] [INFO] [1734232458.156325728] [arm_controller]: No specific joint names are used for command interfaces. Using 'joints' parameter.
1734232458.1570513 [ros2_control_node-4] [INFO] [1734232458.156352817] [arm_controller]: Command interfaces are [position] and state interfaces are [position velocity].
1734232458.1571674 [ros2_control_node-4] [INFO] [1734232458.156378606] [arm_controller]: Using 'splines' interpolation method.
1734232458.1585112 [ros2_control_node-4] [INFO] [1734232458.158168652] [arm_controller]: Controller state will be published at 50.00 Hz.
1734232458.1621053 [ros2_control_node-4] [INFO] [1734232458.161808400] [arm_controller]: Action status changes will be monitored at 20.00 Hz.
1734232458.3800557 [INFO] [spawner-5]: process has finished cleanly [pid 12298]
1734232458.8223498 [rviz2-3] [ERROR] [1734232458.822060656] [moveit_ros_visualization.motion_planning_frame]: Action server: /recognize_objects not available
1734232458.8425505 [rviz2-3] [INFO] [1734232458.842203789] [moveit_ros_visualization.motion_planning_frame]: MoveGroup namespace changed: / -> . Reloading params.
1734232469.6469350 [rviz2-3] [ERROR] [1734232469.646623274] [rviz]: Could not find parameter robot_description_semantic and did not receive robot_description_semantic via std_msgs::msg::String subscription within 10.000000 seconds.
1734232469.6815224 [rviz2-3] Error:   Could not parse the SRDF XML File. Error=XML_ERROR_EMPTY_DOCUMENT ErrorID=13 (0xd) Line number=0
1734232469.6817331 [rviz2-3]          at line 732 in ./src/model.cpp
1734232469.6818404 [rviz2-3] [ERROR] [1734232469.681176436] [moveit_rdf_loader.rdf_loader]: Unable to parse SRDF
1734232469.7014909 [rviz2-3] [ERROR] [1734232469.700991966] [moveit_ros.planning_scene_monitor.planning_scene_monitor]: Robot model not loaded
1734232567.5361795 [WARNING] [launch]: user interrupted with ctrl-c (SIGINT)
1734232567.5386202 [ros2_control_node-4] [INFO] [1734232567.535968740] [rclcpp]: signal_handler(signum=2)
1734232567.5394187 [rviz2-3] [INFO] [1734232567.538134421] [rclcpp]: signal_handler(signum=2)
1734232567.6484954 [INFO] [robot_state_publisher-1]: process has finished cleanly [pid 12290]
1734232567.6696839 [INFO] [ros2_control_node-4]: process has finished cleanly [pid 12296]
1734232568.1750622 [ERROR] [rviz2-3]: process has died [pid 12294, exit code -11, cmd '/opt/ros/humble/lib/rviz2/rviz2 -d /home/ros2_ws/install/moveit_config/share/moveit_config/config/moveit.rviz --ros-args --params-file /tmp/launch_params_c1g6jb1w --params-file /tmp/launch_params_llqzuc8w'].
