1734230464.2590501 [INFO] [launch]: All log files can be found below /home/ros2_ws/.ros/log/2024-12-14-23-41-04-258005-math-11743
1734230464.2592320 [INFO] [launch]: Default logging verbosity is set to INFO
1734230464.3795123 [INFO] [moveit_setup_assistant-1]: process started with pid [11744]
1734230596.9723203 [moveit_setup_assistant-1] [INFO] [1734230596.971964556] [moveit_setup_assistant.urdf]: Loaded robot_description robot model.
1734230596.9727681 [moveit_setup_assistant-1] [INFO] [1734230596.972145206] [moveit_robot_model.robot_model]: Loading robot model 'robot_description'...
1734230596.9728973 [moveit_setup_assistant-1] [INFO] [1734230596.972159137] [moveit_robot_model.robot_model]: No root/virtual joint specified in SRDF. Assuming fixed joint
1734230596.9730065 [moveit_setup_assistant-1] [WARN] [1734230596.972187194] [moveit_robot_model.robot_model]: Link base_footprint has visual geometry but no collision geometry. Collision geometry will be left empty. Fix your URDF file by explicitly specifying collision geometry.
1734230599.4551566 [moveit_setup_assistant-1] [INFO] [1734230599.454846033] [moveit_setup_assistant.urdf]: Loaded robot_description robot model.
1734230599.4553788 [moveit_setup_assistant-1] [INFO] [1734230599.454881175] [moveit_robot_model.robot_model]: Loading robot model 'robot_description'...
1734230599.4555130 [moveit_setup_assistant-1] [INFO] [1734230599.454889321] [moveit_robot_model.robot_model]: No root/virtual joint specified in SRDF. Assuming fixed joint
1734230599.4556220 [moveit_setup_assistant-1] [WARN] [1734230599.454902899] [moveit_robot_model.robot_model]: Link base_footprint has visual geometry but no collision geometry. Collision geometry will be left empty. Fix your URDF file by explicitly specifying collision geometry.
1734230599.7939878 [moveit_setup_assistant-1] [rviz_rendering:debug] Available Renderers(1): OpenGL Rendering Subsystem, at ./src/rviz_rendering/render_system.cpp:301
1734230599.7941301 [moveit_setup_assistant-1] [rviz_rendering:info] Stereo is NOT SUPPORTED, at ./src/rviz_rendering/render_system.cpp:543
1734230599.7941868 [moveit_setup_assistant-1] [rviz_rendering:info] OpenGl version: 4.6 (GLSL 4.6), at ./src/rviz_rendering/render_system.cpp:284
1734230599.7942321 [moveit_setup_assistant-1] [rviz_rendering:info] Stereo is NOT SUPPORTED, at ./src/rviz_rendering/render_system.cpp:543
1734230599.7942936 [moveit_setup_assistant-1] [rviz_common:debug] Load pixmap at package://rviz_default_plugins/icons/classes/TF.svg, at ./src/rviz_common/load_resource.cpp:71
1734230599.7943492 [moveit_setup_assistant-1] [rviz_common:debug] Error retrieving file [file:///opt/ros/humble/share/rviz_default_plugins/icons/classes/TF.svg]: Couldn't open file /opt/ros/humble/share/rviz_default_plugins/icons/classes/TF.svg, at ./src/rviz_common/load_resource.cpp:55
1734230599.7943926 [moveit_setup_assistant-1] [rviz_common:debug] Load pixmap at package://rviz_default_plugins/icons/classes/TF.png, at ./src/rviz_common/load_resource.cpp:71
1734230599.7944324 [moveit_setup_assistant-1] [rviz_common:debug] Load pixmap at package://rviz_common/icons/classes/Identity.svg, at ./src/rviz_common/load_resource.cpp:71
1734230599.7944732 [moveit_setup_assistant-1] [rviz_common:debug] Error retrieving file [file:///opt/ros/humble/share/rviz_common/icons/classes/Identity.svg]: Couldn't open file /opt/ros/humble/share/rviz_common/icons/classes/Identity.svg, at ./src/rviz_common/load_resource.cpp:55
1734230599.7945123 [moveit_setup_assistant-1] [rviz_common:debug] Load pixmap at package://rviz_common/icons/classes/Identity.png, at ./src/rviz_common/load_resource.cpp:71
1734230599.7945518 [moveit_setup_assistant-1] [rviz_common:debug] Error retrieving file [file:///opt/ros/humble/share/rviz_common/icons/classes/Identity.png]: Couldn't open file /opt/ros/humble/share/rviz_common/icons/classes/Identity.png, at ./src/rviz_common/load_resource.cpp:55
1734230599.7945917 [moveit_setup_assistant-1] [rviz_common:debug] Load pixmap at package://rviz_common/icons/default_class_icon.png, at ./src/rviz_common/load_resource.cpp:71
1734230599.7946532 [moveit_setup_assistant-1] [rviz_common:debug] Load pixmap at package://rviz_common/icons/options.png, at ./src/rviz_common/load_resource.cpp:71
1734230599.7946949 [moveit_setup_assistant-1] [rviz_common:debug] Load pixmap at package://rviz_common/icons/ok.png, at ./src/rviz_common/load_resource.cpp:71
1734230599.7947340 [moveit_setup_assistant-1] [rviz_common:debug] Load pixmap at package://rviz_common/icons/warning.png, at ./src/rviz_common/load_resource.cpp:71
1734230599.7947743 [moveit_setup_assistant-1] [rviz_common:debug] Load pixmap at package://rviz_common/icons/error.png, at ./src/rviz_common/load_resource.cpp:71
1734230599.7948167 [moveit_setup_assistant-1] [rviz_common:debug] Load pixmap at package://rviz_default_plugins/icons/classes/Orbit.svg, at ./src/rviz_common/load_resource.cpp:71
1734230599.7948768 [moveit_setup_assistant-1] [rviz_common:debug] Error retrieving file [file:///opt/ros/humble/share/rviz_default_plugins/icons/classes/Orbit.svg]: Couldn't open file /opt/ros/humble/share/rviz_default_plugins/icons/classes/Orbit.svg, at ./src/rviz_common/load_resource.cpp:55
1734230599.7949207 [moveit_setup_assistant-1] [rviz_common:debug] Load pixmap at package://rviz_default_plugins/icons/classes/Orbit.png, at ./src/rviz_common/load_resource.cpp:71
1734230599.7949643 [moveit_setup_assistant-1] [rviz_common:debug] Error retrieving file [file:///opt/ros/humble/share/rviz_default_plugins/icons/classes/Orbit.png]: Couldn't open file /opt/ros/humble/share/rviz_default_plugins/icons/classes/Orbit.png, at ./src/rviz_common/load_resource.cpp:55
1734230599.7950211 [moveit_setup_assistant-1] [rviz_common:debug] Load pixmap at package://rviz_common/icons/rotate.svg, at ./src/rviz_common/load_resource.cpp:71
1734230599.7950814 [moveit_setup_assistant-1] [rviz_common:debug] Load pixmap at package://rviz_common/icons/cursor.svg, at ./src/rviz_common/load_resource.cpp:71
1734230599.7951257 [moveit_setup_assistant-1] [rviz_common:debug] Load pixmap at package://rviz_common/icons/rotate_cam.svg, at ./src/rviz_common/load_resource.cpp:71
1734230599.7951655 [moveit_setup_assistant-1] [rviz_common:debug] Load pixmap at package://rviz_common/icons/move2d.svg, at ./src/rviz_common/load_resource.cpp:71
1734230599.7952080 [moveit_setup_assistant-1] [rviz_common:debug] Load pixmap at package://rviz_common/icons/move_z.svg, at ./src/rviz_common/load_resource.cpp:71
1734230599.7952669 [moveit_setup_assistant-1] [rviz_common:debug] Load pixmap at package://rviz_common/icons/zoom.svg, at ./src/rviz_common/load_resource.cpp:71
1734230599.7953115 [moveit_setup_assistant-1] [rviz_common:debug] Load pixmap at package://rviz_common/icons/crosshair.svg, at ./src/rviz_common/load_resource.cpp:71
1734230599.7953520 [moveit_setup_assistant-1] [rviz_common:debug] Load pixmap at package://rviz_default_plugins/icons/classes/FocusCamera.svg, at ./src/rviz_common/load_resource.cpp:71
1734230599.7953973 [moveit_setup_assistant-1] [rviz_common:debug] Load pixmap at package://rviz_default_plugins/icons/classes/Interact.svg, at ./src/rviz_common/load_resource.cpp:71
1734230599.8003764 [moveit_setup_assistant-1] [INFO] [1734230599.800038697] [moveit_rdf_loader.rdf_loader]: Loaded robot model in 0.00166702 seconds
1734230599.8006358 [moveit_setup_assistant-1] [INFO] [1734230599.800085960] [moveit_robot_model.robot_model]: Loading robot model 'robot_description'...
1734230599.8007710 [moveit_setup_assistant-1] [INFO] [1734230599.800099355] [moveit_robot_model.robot_model]: No root/virtual joint specified in SRDF. Assuming fixed joint
1734230599.8008945 [moveit_setup_assistant-1] [WARN] [1734230599.800118337] [moveit_robot_model.robot_model]: Link base_footprint has visual geometry but no collision geometry. Collision geometry will be left empty. Fix your URDF file by explicitly specifying collision geometry.
1734230600.5189414 [moveit_setup_assistant-1] [INFO] [1734230600.518555511] [moveit_rdf_loader.rdf_loader]: Loaded robot model in 0.00127737 seconds
1734230600.5192306 [moveit_setup_assistant-1] [INFO] [1734230600.518590679] [moveit_robot_model.robot_model]: Loading robot model 'robot_description'...
1734230600.5194051 [moveit_setup_assistant-1] [INFO] [1734230600.518598750] [moveit_robot_model.robot_model]: No root/virtual joint specified in SRDF. Assuming fixed joint
1734230600.5195339 [moveit_setup_assistant-1] [WARN] [1734230600.518611641] [moveit_robot_model.robot_model]: Link base_footprint has visual geometry but no collision geometry. Collision geometry will be left empty. Fix your URDF file by explicitly specifying collision geometry.
1734230600.8308067 [moveit_setup_assistant-1] [INFO] [1734230600.830469886] [moveit_setup_assistant.Start Screen]: Loading Setup Assistant Complete
1734230608.9548566 [moveit_setup_assistant-1] [INFO] [1734230608.954567826] [collision_updater]: -------------------------------------------------------------------------------
1734230608.9550383 [moveit_setup_assistant-1] [INFO] [1734230608.954607473] [collision_updater]: Statistics:
1734230608.9551194 [moveit_setup_assistant-1] [INFO] [1734230608.954627283] [collision_updater]: Total Links : 5
1734230608.9551888 [moveit_setup_assistant-1] [INFO] [1734230608.954639317] [collision_updater]: Total possible collisions : 10.000000
1734230608.9552546 [moveit_setup_assistant-1] [INFO] [1734230608.954644828] [collision_updater]: Always in collision : 0
1734230608.9553242 [moveit_setup_assistant-1] [INFO] [1734230608.954649526] [collision_updater]: Never in collision : 3
1734230608.9553897 [moveit_setup_assistant-1] [INFO] [1734230608.954653936] [collision_updater]: Default in collision : 0
1734230608.9554517 [moveit_setup_assistant-1] [INFO] [1734230608.954658474] [collision_updater]: Adjacent links disabled : 3
1734230608.9555078 [moveit_setup_assistant-1] [INFO] [1734230608.954662839] [collision_updater]: Sometimes in collision : 4
1734230608.9555635 [moveit_setup_assistant-1] [INFO] [1734230608.954667255] [collision_updater]: TOTAL DISABLED : 6
1734230608.9558074 [moveit_setup_assistant-1] [INFO] [1734230608.954697660] [moveit_setup_assistant.Self-Collisions]: Thread complete 6
1734230615.8164175 [moveit_setup_assistant-1] [INFO] [1734230615.816107504] [moveit_robot_model.robot_model]: Loading robot model 'robot_description'...
1734230615.8165851 [moveit_setup_assistant-1] [INFO] [1734230615.816158082] [moveit_robot_model.robot_model]: No root/virtual joint specified in SRDF. Assuming fixed joint
1734230615.8166602 [moveit_setup_assistant-1] [WARN] [1734230615.816185992] [moveit_robot_model.robot_model]: Link base_footprint has visual geometry but no collision geometry. Collision geometry will be left empty. Fix your URDF file by explicitly specifying collision geometry.
1734230674.4730253 [WARNING] [launch]: user interrupted with ctrl-c (SIGINT)
1734230678.6002839 [ERROR] [moveit_setup_assistant-1]: process has died [pid 11744, exit code -9, cmd '/opt/ros/humble/lib/moveit_setup_assistant/moveit_setup_assistant --ros-args'].
1734230678.6005814 [moveit_setup_assistant-1] [rviz_
