[0.019s] Invoking command in '/home/ros2_ws/build/moveit_config': AMENT_PREFIX_PATH=/home/ros2_ws/install/robot_description:/home/ros2_ws/install/moveit_config:/opt/ros/humble CMAKE_PREFIX_PATH=${CMAKE_PREFIX_PATH}:/home/ros2_ws/install/robot_description:/opt/ros/humble PYTHONPATH=/home/ros2_ws/install/robot_description/lib/python3.10/site-packages:/home/ros2_ws/install/test_urdf_tool/lib/python3.10/site-packages:/opt/ros/humble/lib/python3.10/site-packages:/opt/ros/humble/local/lib/python3.10/dist-packages /usr/bin/cmake --build /home/ros2_ws/build/moveit_config -- -j8 -l8
[0.089s] Invoked command in '/home/ros2_ws/build/moveit_config' returned '0': AMENT_PREFIX_PATH=/home/ros2_ws/install/robot_description:/home/ros2_ws/install/moveit_config:/opt/ros/humble CMAKE_PREFIX_PATH=${CMAKE_PREFIX_PATH}:/home/ros2_ws/install/robot_description:/opt/ros/humble PYTHONPATH=/home/ros2_ws/install/robot_description/lib/python3.10/site-packages:/home/ros2_ws/install/test_urdf_tool/lib/python3.10/site-packages:/opt/ros/humble/lib/python3.10/site-packages:/opt/ros/humble/local/lib/python3.10/dist-packages /usr/bin/cmake --build /home/ros2_ws/build/moveit_config -- -j8 -l8
[0.142s] Invoking command in '/home/ros2_ws/build/moveit_config': AMENT_PREFIX_PATH=/home/ros2_ws/install/robot_description:/home/ros2_ws/install/moveit_config:/opt/ros/humble CMAKE_PREFIX_PATH=${CMAKE_PREFIX_PATH}:/home/ros2_ws/install/robot_description:/opt/ros/humble PYTHONPATH=/home/ros2_ws/install/robot_description/lib/python3.10/site-packages:/home/ros2_ws/install/test_urdf_tool/lib/python3.10/site-packages:/opt/ros/humble/lib/python3.10/site-packages:/opt/ros/humble/local/lib/python3.10/dist-packages /usr/bin/cmake --install /home/ros2_ws/build/moveit_config
[0.157s] -- Install configuration: ""
[0.157s] -- Up-to-date: /home/ros2_ws/install/moveit_config/share/ament_index/resource_index/package_run_dependencies/moveit_config
[0.158s] -- Up-to-date: /home/ros2_ws/install/moveit_config/share/ament_index/resource_index/parent_prefix_path/moveit_config
[0.158s] -- Up-to-date: /home/ros2_ws/install/moveit_config/share/moveit_config/environment/ament_prefix_path.sh
[0.158s] -- Up-to-date: /home/ros2_ws/install/moveit_config/share/moveit_config/environment/ament_prefix_path.dsv
[0.158s] -- Up-to-date: /home/ros2_ws/install/moveit_config/share/moveit_config/environment/path.sh
[0.158s] -- Up-to-date: /home/ros2_ws/install/moveit_config/share/moveit_config/environment/path.dsv
[0.159s] -- Up-to-date: /home/ros2_ws/install/moveit_config/share/moveit_config/local_setup.bash
[0.159s] -- Up-to-date: /home/ros2_ws/install/moveit_config/share/moveit_config/local_setup.sh
[0.159s] -- Up-to-date: /home/ros2_ws/install/moveit_config/share/moveit_config/local_setup.zsh
[0.159s] -- Up-to-date: /home/ros2_ws/install/moveit_config/share/moveit_config/local_setup.dsv
[0.160s] -- Up-to-date: /home/ros2_ws/install/moveit_config/share/moveit_config/package.dsv
[0.160s] -- Up-to-date: /home/ros2_ws/install/moveit_config/share/ament_index/resource_index/packages/moveit_config
[0.160s] -- Up-to-date: /home/ros2_ws/install/moveit_config/share/moveit_config/cmake/moveit_configConfig.cmake
[0.160s] -- Up-to-date: /home/ros2_ws/install/moveit_config/share/moveit_config/cmake/moveit_configConfig-version.cmake
[0.161s] -- Up-to-date: /home/ros2_ws/install/moveit_config/share/moveit_config/package.xml
[0.161s] -- Up-to-date: /home/ros2_ws/install/moveit_config/share/moveit_config/launch
[0.161s] -- Up-to-date: /home/ros2_ws/install/moveit_config/share/moveit_config/launch/moveit_rviz.launch.py
[0.161s] -- Up-to-date: /home/ros2_ws/install/moveit_config/share/moveit_config/launch/static_virtual_joint_tfs.launch.py
[0.161s] -- Up-to-date: /home/ros2_ws/install/moveit_config/share/moveit_config/launch/spawn_controllers.launch.py
[0.161s] -- Up-to-date: /home/ros2_ws/install/moveit_config/share/moveit_config/launch/rsp.launch.py
[0.161s] -- Up-to-date: /home/ros2_ws/install/moveit_config/share/moveit_config/launch/warehouse_db.launch.py
[0.162s] -- Up-to-date: /home/ros2_ws/install/moveit_config/share/moveit_config/launch/demo.launch.py
[0.162s] -- Up-to-date: /home/ros2_ws/install/moveit_config/share/moveit_config/launch/move_group.launch.py
[0.162s] -- Up-to-date: /home/ros2_ws/install/moveit_config/share/moveit_config/config
[0.162s] -- Up-to-date: /home/ros2_ws/install/moveit_config/share/moveit_config/config/joint_limits.yaml
[0.162s] -- Up-to-date: /home/ros2_ws/install/moveit_config/share/moveit_config/config/ros2_controllers.yaml
[0.162s] -- Up-to-date: /home/ros2_ws/install/moveit_config/share/moveit_config/config/robot_description.urdf.xacro
[0.162s] -- Installing: /home/ros2_ws/install/moveit_config/share/moveit_config/config/moveit.rviz
[0.162s] -- Up-to-date: /home/ros2_ws/install/moveit_config/share/moveit_config/config/initial_positions.yaml
[0.162s] -- Up-to-date: /home/ros2_ws/install/moveit_config/share/moveit_config/config/robot_description.srdf
[0.163s] -- Up-to-date: /home/ros2_ws/install/moveit_config/share/moveit_config/config/pilz_cartesian_limits.yaml
[0.163s] -- Up-to-date: /home/ros2_ws/install/moveit_config/share/moveit_config/config/moveit_controllers.yaml
[0.163s] -- Up-to-date: /home/ros2_ws/install/moveit_config/share/moveit_config/config/robot_description.ros2_control.xacro
[0.163s] -- Up-to-date: /home/ros2_ws/install/moveit_config/share/moveit_config/config/kinematics.yaml
[0.163s] -- Up-to-date: /home/ros2_ws/install/moveit_config/share/moveit_config/.setup_assistant
[0.166s] Invoked command in '/home/ros2_ws/build/moveit_config' returned '0': AMENT_PREFIX_PATH=/home/ros2_ws/install/robot_description:/home/ros2_ws/install/moveit_config:/opt/ros/humble CMAKE_PREFIX_PATH=${CMAKE_PREFIX_PATH}:/home/ros2_ws/install/robot_description:/opt/ros/humble PYTHONPATH=/home/ros2_ws/install/robot_description/lib/python3.10/site-packages:/home/ros2_ws/install/test_urdf_tool/lib/python3.10/site-packages:/opt/ros/humble/lib/python3.10/site-packages:/opt/ros/humble/local/lib/python3.10/dist-packages /usr/bin/cmake --install /home/ros2_ws/build/moveit_config
