/home/ros2_ws/install/robot_description/lib/python3.10/site-packages/robot_description/__init__.py
/home/ros2_ws/install/robot_description/lib/python3.10/site-packages/robot_description/__pycache__/__init__.cpython-310.pyc
/home/ros2_ws/install/robot_description/share/ament_index/resource_index/packages/robot_description
/home/ros2_ws/install/robot_description/share/robot_description/package.xml
/home/ros2_ws/install/robot_description/share/robot_description/launch/robot.gazebo.launch.py
/home/ros2_ws/install/robot_description/share/robot_description/launch/robot.display.launch.py
/home/ros2_ws/install/robot_description/share/robot_description/xacro/base.urdf.xacro
/home/ros2_ws/install/robot_description/share/robot_description/xacro/end_effector.urdf.xacro
/home/ros2_ws/install/robot_description/share/robot_description/xacro/robot.urdf.xacro
/home/ros2_ws/install/robot_description/share/robot_description/xacro/platform.urdf.xacro
/home/ros2_ws/install/robot_description/share/robot_description/xacro/manipulator.urdf.xacro
/home/ros2_ws/install/robot_description/share/robot_description/rviz/robot.rviz
/home/ros2_ws/install/robot_description/share/robot_description/meshes/collision/end_effector.STL
/home/ros2_ws/install/robot_description/share/robot_description/meshes/collision/manip_link.STL
/home/ros2_ws/install/robot_description/share/robot_description/meshes/collision/plat_link.STL
/home/ros2_ws/install/robot_description/share/robot_description/meshes/collision/base_link.STL
/home/ros2_ws/install/robot_description/share/robot_description/meshes/visual/end_effector.STL
/home/ros2_ws/install/robot_description/share/robot_description/meshes/visual/manip_link.STL
/home/ros2_ws/install/robot_description/share/robot_description/meshes/visual/plat_link.STL
/home/ros2_ws/install/robot_description/share/robot_description/meshes/visual/base_link.STL
/home/ros2_ws/install/robot_description/share/robot_description/config
/home/ros2_ws/install/robot_description/share/robot_description/worlds/world.sdf
/home/ros2_ws/install/robot_description/lib/python3.10/site-packages/robot_description-0.0.0-py3.10.egg-info/entry_points.txt
/home/ros2_ws/install/robot_description/lib/python3.10/site-packages/robot_description-0.0.0-py3.10.egg-info/dependency_links.txt
/home/ros2_ws/install/robot_description/lib/python3.10/site-packages/robot_description-0.0.0-py3.10.egg-info/top_level.txt
/home/ros2_ws/install/robot_description/lib/python3.10/site-packages/robot_description-0.0.0-py3.10.egg-info/requires.txt
/home/ros2_ws/install/robot_description/lib/python3.10/site-packages/robot_description-0.0.0-py3.10.egg-info/SOURCES.txt
/home/ros2_ws/install/robot_description/lib/python3.10/site-packages/robot_description-0.0.0-py3.10.egg-info/zip-safe
/home/ros2_ws/install/robot_description/lib/python3.10/site-packages/robot_description-0.0.0-py3.10.egg-info/PKG-INFO
