[0.028s] Invoking command in '/home/ros2_ws/build/moveit_config': /usr/bin/cmake /home/ros2_ws/src/moveit_config -DCMAKE_INSTALL_PREFIX=/home/ros2_ws/install/moveit_config
[0.067s] -- Found ament_cmake: 1.3.10 (/opt/ros/humble/share/ament_cmake/cmake)
[0.454s] Error parsing '/home/ros2_ws/src/moveit_config/package.xml':
[0.454s] Traceback (most recent call last):
[0.455s]   File "/opt/ros/humble/share/ament_cmake_core/cmake/core/package_xml_2_cmake.py", line 150, in <module>
[0.455s]     main()
[0.455s]   File "/opt/ros/humble/share/ament_cmake_core/cmake/core/package_xml_2_cmake.py", line 53, in main
[0.455s]     raise e
[0.455s]   File "/opt/ros/humble/share/ament_cmake_core/cmake/core/package_xml_2_cmake.py", line 49, in main
[0.455s]     package = parse_package_string(
[0.455s]   File "/usr/lib/python3/dist-packages/catkin_pkg/package.py", line 786, in parse_package_string
[0.455s]     raise InvalidPackage('Error(s):%s' % (''.join(['\n- %s' % e for e in errors])), filename)
[0.455s] catkin_pkg.package.InvalidPackage: Error(s) in package '/home/ros2_ws/src/moveit_config/package.xml':
[0.455s] Error(s):
[0.455s] - The generic dependency on 'robot_description' is redundant with: exec_depend
[0.464s] [31mCMake Error at /opt/ros/humble/share/ament_cmake_core/cmake/core/ament_package_xml.cmake:95 (message):
[0.464s]   execute_process(/usr/bin/python3
[0.464s]   /opt/ros/humble/share/ament_cmake_core/cmake/core/package_xml_2_cmake.py
[0.464s]   /home/ros2_ws/src/moveit_config/package.xml
[0.465s]   /home/ros2_ws/build/moveit_config/ament_cmake_core/package.cmake) returned
[0.465s]   error code 1
[0.465s] Call Stack (most recent call first):
[0.465s]   /opt/ros/humble/share/ament_cmake_core/cmake/core/ament_package_xml.cmake:49 (_ament_package_xml)
[0.465s]   /opt/ros/humble/share/ament_cmake_core/cmake/core/ament_package.cmake:63 (ament_package_xml)
[0.465s]   CMakeLists.txt:6 (ament_package)
[0.465s] 
[0.465s] [0m
[0.465s] -- Configuring incomplete, errors occurred!
[0.465s] See also "/home/ros2_ws/build/moveit_config/CMakeFiles/CMakeOutput.log".
[0.468s] Invoked command in '/home/ros2_ws/build/moveit_config' returned '1': /usr/bin/cmake /home/ros2_ws/src/moveit_config -DCMAKE_INSTALL_PREFIX=/home/ros2_ws/install/moveit_config
