[0.018s] Invoking command in '/home/ros2_ws/build/moveit_config': /usr/bin/cmake /home/ros2_ws/src/moveit_config -DCMAKE_INSTALL_PREFIX=/home/ros2_ws/install/moveit_config
[0.133s] -- The C compiler identification is GNU 11.4.0
[0.262s] -- The CXX compiler identification is GNU 11.4.0
[0.276s] -- Detecting C compiler ABI info
[0.392s] -- Detecting C compiler ABI info - done
[0.408s] -- Check for working C compiler: /usr/bin/cc - skipped
[0.409s] -- Detecting C compile features
[0.409s] -- Detecting C compile features - done
[0.415s] -- Detecting CXX compiler ABI info
[0.533s] -- Detecting CXX compiler ABI info - done
[0.548s] -- Check for working CXX compiler: /usr/bin/c++ - skipped
[0.548s] -- Detecting CXX compile features
[0.549s] -- Detecting CXX compile features - done
[0.556s] -- Found ament_cmake: 1.3.10 (/opt/ros/humble/share/ament_cmake/cmake)
[0.817s] -- Found Python3: /usr/bin/python3 (found version "3.10.12") found components: Interpreter 
[1.129s] Error parsing '/home/ros2_ws/src/moveit_config/package.xml':
[1.130s] Traceback (most recent call last):
[1.130s]   File "/opt/ros/humble/share/ament_cmake_core/cmake/core/package_xml_2_cmake.py", line 150, in <module>
[1.130s]     main()
[1.130s]   File "/opt/ros/humble/share/ament_cmake_core/cmake/core/package_xml_2_cmake.py", line 53, in main
[1.130s]     raise e
[1.130s]   File "/opt/ros/humble/share/ament_cmake_core/cmake/core/package_xml_2_cmake.py", line 49, in main
[1.130s]     package = parse_package_string(
[1.130s]   File "/usr/lib/python3/dist-packages/catkin_pkg/package.py", line 788, in parse_package_string
[1.131s]     pkg.validate(warnings=warnings)
[1.131s]   File "/usr/lib/python3/dist-packages/catkin_pkg/package.py", line 330, in validate
[1.131s]     raise InvalidPackage('\n'.join(errors), self.filename)
[1.131s] catkin_pkg.package.InvalidPackage: Error(s) in package '/home/ros2_ws/src/moveit_config/package.xml':
[1.131s] Invalid email "" for person ""
[1.141s] [31mCMake Error at /opt/ros/humble/share/ament_cmake_core/cmake/core/ament_package_xml.cmake:95 (message):
[1.141s]   execute_process(/usr/bin/python3
[1.141s]   /opt/ros/humble/share/ament_cmake_core/cmake/core/package_xml_2_cmake.py
[1.141s]   /home/ros2_ws/src/moveit_config/package.xml
[1.141s]   /home/ros2_ws/build/moveit_config/ament_cmake_core/package.cmake) returned
[1.141s]   error code 1
[1.141s] Call Stack (most recent call first):
[1.141s]   /opt/ros/humble/share/ament_cmake_core/cmake/core/ament_package_xml.cmake:49 (_ament_package_xml)
[1.141s]   /opt/ros/humble/share/ament_cmake_core/cmake/core/ament_package.cmake:63 (ament_package_xml)
[1.141s]   CMakeLists.txt:6 (ament_package)
[1.142s] 
[1.142s] [0m
[1.142s] -- Configuring incomplete, errors occurred!
[1.142s] See also "/home/ros2_ws/build/moveit_config/CMakeFiles/CMakeOutput.log".
[1.146s] Invoked command in '/home/ros2_ws/build/moveit_config' returned '1': /usr/bin/cmake /home/ros2_ws/src/moveit_config -DCMAKE_INSTALL_PREFIX=/home/ros2_ws/install/moveit_config
