[0.000000] (-) TimerEvent: {}
[0.000334] (-) JobUnselected: {'identifier': 'robot_description'}
[0.000663] (moveit_config) JobQueued: {'identifier': 'moveit_config', 'dependencies': OrderedDict()}
[0.001375] (moveit_config) JobStarted: {'identifier': 'moveit_config'}
[0.023778] (moveit_config) JobProgress: {'identifier': 'moveit_config', 'progress': 'cmake'}
[0.025328] (moveit_config) Command: {'cmd': ['/usr/bin/cmake', '/home/ros2_ws/src/moveit_config', '-DCMAKE_INSTALL_PREFIX=/home/ros2_ws/install/moveit_config'], 'cwd': '/home/ros2_ws/build/moveit_config', 'env': OrderedDict([('GZ_SIM_RESOURCE_PATH', '/home/ros2_ws/install/robot_description/share/robot_description'), ('HOSTNAME', 'math'), ('SHLVL', '1'), ('LD_LIBRARY_PATH', '/usr/lib/x86_64-linux-gnu/gazebo-11/plugins:/opt/ros/humble/opt/rviz_ogre_vendor/lib:/opt/ros/humble/lib/x86_64-linux-gnu:/opt/ros/humble/lib'), ('HOME', '/home/ros2_ws'), ('OLDPWD', '/home/ros2_ws/src'), ('ROS_PYTHON_VERSION', '3'), ('COLCON_PREFIX_PATH', '/home/ros2_ws/install'), ('ROS_DISTRO', 'humble'), ('_', '/usr/bin/colcon'), ('ROS_VERSION', '2'), ('TERM', 'xterm'), ('GAZEBO_MODEL_PATH', '/path/to/robot_description/meshes:'), ('ROS_LOCALHOST_ONLY', '0'), ('QT_X11_NO_MITSHM', '1'), ('PATH', '/opt/ros/humble/bin:/usr/local/sbin:/usr/local/bin:/usr/sbin:/usr/bin:/sbin:/bin'), ('XDG_RUNTIME_DIR', '/tmp/runtime-ros2_ws'), ('DISPLAY', ':0'), ('LANG', 'C.UTF-8'), ('AMENT_PREFIX_PATH', '/home/ros2_ws/install/robot_description:/opt/ros/humble'), ('PWD', '/home/ros2_ws/build/moveit_config'), ('LC_ALL', 'C.UTF-8'), ('GAZEBO_PLUGIN_PATH', '/usr/lib/x86_64-linux-gnu/gazebo-11/plugins:'), ('PYTHONPATH', '/home/ros2_ws/install/test_urdf_tool/lib/python3.10/site-packages:/home/ros2_ws/install/robot_description/lib/python3.10/site-packages:/opt/ros/humble/lib/python3.10/site-packages:/opt/ros/humble/local/lib/python3.10/dist-packages'), ('TZ', 'America/Sao_Paulo'), ('COLCON', '1')]), 'shell': False}
[0.068685] (moveit_config) StdoutLine: {'line': b'-- Found ament_cmake: 1.3.10 (/opt/ros/humble/share/ament_cmake/cmake)\n'}
[0.099612] (-) TimerEvent: {}
[0.200438] (-) TimerEvent: {}
[0.301125] (-) TimerEvent: {}
[0.401621] (-) TimerEvent: {}
[0.455916] (moveit_config) StderrLine: {'line': b"Error parsing '/home/ros2_ws/src/moveit_config/package.xml':\n"}
[0.456170] (moveit_config) StderrLine: {'line': b'Traceback (most recent call last):\n'}
[0.456274] (moveit_config) StderrLine: {'line': b'  File "/opt/ros/humble/share/ament_cmake_core/cmake/core/package_xml_2_cmake.py", line 150, in <module>\n'}
[0.456372] (moveit_config) StderrLine: {'line': b'    main()\n'}
[0.456444] (moveit_config) StderrLine: {'line': b'  File "/opt/ros/humble/share/ament_cmake_core/cmake/core/package_xml_2_cmake.py", line 53, in main\n'}
[0.456534] (moveit_config) StderrLine: {'line': b'    raise e\n'}
[0.456604] (moveit_config) StderrLine: {'line': b'  File "/opt/ros/humble/share/ament_cmake_core/cmake/core/package_xml_2_cmake.py", line 49, in main\n'}
[0.456673] (moveit_config) StderrLine: {'line': b'    package = parse_package_string(\n'}
[0.456742] (moveit_config) StderrLine: {'line': b'  File "/usr/lib/python3/dist-packages/catkin_pkg/package.py", line 786, in parse_package_string\n'}
[0.456816] (moveit_config) StderrLine: {'line': b"    raise InvalidPackage('Error(s):%s' % (''.join(['\\n- %s' % e for e in errors])), filename)\n"}
[0.456886] (moveit_config) StderrLine: {'line': b"catkin_pkg.package.InvalidPackage: Error(s) in package '/home/ros2_ws/src/moveit_config/package.xml':\n"}
[0.456962] (moveit_config) StderrLine: {'line': b'Error(s):\n'}
[0.457032] (moveit_config) StderrLine: {'line': b"- The generic dependency on 'robot_description' is redundant with: exec_depend\n"}
[0.465778] (moveit_config) StderrLine: {'line': b'\x1b[31mCMake Error at /opt/ros/humble/share/ament_cmake_core/cmake/core/ament_package_xml.cmake:95 (message):\n'}
[0.466053] (moveit_config) StderrLine: {'line': b'  execute_process(/usr/bin/python3\n'}
[0.466132] (moveit_config) StderrLine: {'line': b'  /opt/ros/humble/share/ament_cmake_core/cmake/core/package_xml_2_cmake.py\n'}
[0.466215] (moveit_config) StderrLine: {'line': b'  /home/ros2_ws/src/moveit_config/package.xml\n'}
[0.466285] (moveit_config) StderrLine: {'line': b'  /home/ros2_ws/build/moveit_config/ament_cmake_core/package.cmake) returned\n'}
[0.466353] (moveit_config) StderrLine: {'line': b'  error code 1\n'}
[0.466419] (moveit_config) StderrLine: {'line': b'Call Stack (most recent call first):\n'}
[0.466485] (moveit_config) StderrLine: {'line': b'  /opt/ros/humble/share/ament_cmake_core/cmake/core/ament_package_xml.cmake:49 (_ament_package_xml)\n'}
[0.466551] (moveit_config) StderrLine: {'line': b'  /opt/ros/humble/share/ament_cmake_core/cmake/core/ament_package.cmake:63 (ament_package_xml)\n'}
[0.466616] (moveit_config) StderrLine: {'line': b'  CMakeLists.txt:6 (ament_package)\n'}
[0.466682] (moveit_config) StderrLine: {'line': b'\n'}
[0.466760] (moveit_config) StderrLine: {'line': b'\x1b[0m\n'}
[0.466827] (moveit_config) StdoutLine: {'line': b'-- Configuring incomplete, errors occurred!\n'}
[0.466902] (moveit_config) StdoutLine: {'line': b'See also "/home/ros2_ws/build/moveit_config/CMakeFiles/CMakeOutput.log".\n'}
[0.469276] (moveit_config) CommandEnded: {'returncode': 1}
[0.470036] (moveit_config) JobEnded: {'identifier': 'moveit_config', 'rc': 1}
[0.480652] (-) EventReactorShutdown: {}
