[0.580s] Invoking command in '/home/ros2_ws/src/robot_description': PYTHONPATH=/home/ros2_ws/build/robot_description/prefix_override:/usr/lib/python3/dist-packages/colcon_core/task/python/colcon_distutils_commands:/home/ros2_ws/install/robot_description/lib/python3.10/site-packages:${PYTHONPATH} /usr/bin/python3 -W ignore:setup.py install is deprecated setup.py egg_info --egg-base ../../build/robot_description build --build-base /home/ros2_ws/build/robot_description/build install --record /home/ros2_ws/build/robot_description/install.log --single-version-externally-managed install_data
[0.797s] running egg_info
[0.798s] writing ../../build/robot_description/robot_description.egg-info/PKG-INFO
[0.798s] writing dependency_links to ../../build/robot_description/robot_description.egg-info/dependency_links.txt
[0.798s] writing entry points to ../../build/robot_description/robot_description.egg-info/entry_points.txt
[0.799s] writing requirements to ../../build/robot_description/robot_description.egg-info/requires.txt
[0.799s] writing top-level names to ../../build/robot_description/robot_description.egg-info/top_level.txt
[0.801s] reading manifest file '../../build/robot_description/robot_description.egg-info/SOURCES.txt'
[0.813s] writing manifest file '../../build/robot_description/robot_description.egg-info/SOURCES.txt'
[0.813s] running build
[0.813s] running build_py
[0.813s] running install
[0.814s] running install_lib
[0.815s] running install_data
[0.815s] copying rviz/robot.rviz -> /home/ros2_ws/install/robot_description/share/robot_description/rviz
[0.816s] running install_egg_info
[0.818s] removing '/home/ros2_ws/install/robot_description/lib/python3.10/site-packages/robot_description-0.0.0-py3.10.egg-info' (and everything under it)
[0.818s] Copying ../../build/robot_description/robot_description.egg-info to /home/ros2_ws/install/robot_description/lib/python3.10/site-packages/robot_description-0.0.0-py3.10.egg-info
[0.823s] running install_scripts
[0.843s] writing list of installed files to '/home/ros2_ws/build/robot_description/install.log'
[0.864s] Invoked command in '/home/ros2_ws/src/robot_description' returned '0': PYTHONPATH=/home/ros2_ws/build/robot_description/prefix_override:/usr/lib/python3/dist-packages/colcon_core/task/python/colcon_distutils_commands:/home/ros2_ws/install/robot_description/lib/python3.10/site-packages:${PYTHONPATH} /usr/bin/python3 -W ignore:setup.py install is deprecated setup.py egg_info --egg-base ../../build/robot_description build --build-base /home/ros2_ws/build/robot_description/build install --record /home/ros2_ws/build/robot_description/install.log --single-version-externally-managed install_data
