[1.206s] Invoking command in '/home/ros2_ws/src/robot_description': PYTHONPATH=/home/ros2_ws/build/robot_description/prefix_override:/usr/lib/python3/dist-packages/colcon_core/task/python/colcon_distutils_commands:/home/ros2_ws/install/robot_description/lib/python3.10/site-packages:${PYTHONPATH} /usr/bin/python3 -W ignore:setup.py install is deprecated setup.py egg_info --egg-base ../../build/robot_description build --build-base /home/ros2_ws/build/robot_description/build install --record /home/ros2_ws/build/robot_description/install.log --single-version-externally-managed install_data
[1.700s] running egg_info
[1.702s] writing ../../build/robot_description/robot_description.egg-info/PKG-INFO
[1.702s] writing dependency_links to ../../build/robot_description/robot_description.egg-info/dependency_links.txt
[1.703s] writing entry points to ../../build/robot_description/robot_description.egg-info/entry_points.txt
[1.703s] writing requirements to ../../build/robot_description/robot_description.egg-info/requires.txt
[1.704s] writing top-level names to ../../build/robot_description/robot_description.egg-info/top_level.txt
[1.708s] reading manifest file '../../build/robot_description/robot_description.egg-info/SOURCES.txt'
[1.712s] writing manifest file '../../build/robot_description/robot_description.egg-info/SOURCES.txt'
[1.712s] running build
[1.712s] running build_py
[1.713s] running install
[1.713s] running install_lib
[1.716s] running install_data
[1.718s] running install_egg_info
[1.723s] removing '/home/ros2_ws/install/robot_description/lib/python3.10/site-packages/robot_description-0.0.0-py3.10.egg-info' (and everything under it)
[1.724s] Copying ../../build/robot_description/robot_description.egg-info to /home/ros2_ws/install/robot_description/lib/python3.10/site-packages/robot_description-0.0.0-py3.10.egg-info
[1.725s] running install_scripts
[1.773s] writing list of installed files to '/home/ros2_ws/build/robot_description/install.log'
[1.823s] Invoked command in '/home/ros2_ws/src/robot_description' returned '0': PYTHONPATH=/home/ros2_ws/build/robot_description/prefix_override:/usr/lib/python3/dist-packages/colcon_core/task/python/colcon_distutils_commands:/home/ros2_ws/install/robot_description/lib/python3.10/site-packages:${PYTHONPATH} /usr/bin/python3 -W ignore:setup.py install is deprecated setup.py egg_info --egg-base ../../build/robot_description build --build-base /home/ros2_ws/build/robot_description/build install --record /home/ros2_ws/build/robot_description/install.log --single-version-externally-managed install_data
